0 info it worked if it ends with ok
1 verbose cli [ '/usr/local/bin/node', '/usr/local/bin/npm', 'publish' ]
2 info using npm@4.1.2
3 info using node@v7.7.3
4 verbose publish [ '.' ]
5 silly cache add args [ '.', null ]
6 verbose cache add spec .
7 silly cache add parsed spec Result {
7 silly cache add   raw: '.',
7 silly cache add   scope: null,
7 silly cache add   escapedName: null,
7 silly cache add   name: null,
7 silly cache add   rawSpec: '.',
7 silly cache add   spec: '/Users/cavanbecksmith/Desktop/generator-bdb',
7 silly cache add   type: 'directory' }
8 verbose addLocalDirectory /Users/cavanbecksmith/.npm/generator-bdb/0.0.2/package.tgz not in flight; packing
9 verbose correctMkdir /Users/cavanbecksmith/.npm correctMkdir not in flight; initializing
10 warn prepublish-on-install As of npm@5, `prepublish` scripts will run only for `npm publish`.
11 warn prepublish-on-install (In npm@4 and previous versions, it also runs for `npm install`.)
12 warn prepublish-on-install See the deprecation note in `npm help scripts` for more information.
13 info lifecycle generator-bdb@0.0.2~prepublish: generator-bdb@0.0.2
14 verbose lifecycle generator-bdb@0.0.2~prepublish: unsafe-perm in lifecycle true
15 verbose lifecycle generator-bdb@0.0.2~prepublish: PATH: /usr/local/lib/node_modules/npm/bin/node-gyp-bin:/Users/cavanbecksmith/Desktop/generator-bdb/node_modules/.bin:/Library/Frameworks/Python.framework/Versions/2.7/bin:/usr/local/bin:/usr/local/bin:/usr/bin:/bin:/usr/sbin:/sbin:~/.composer/vendor/bin
16 verbose lifecycle generator-bdb@0.0.2~prepublish: CWD: /Users/cavanbecksmith/Desktop/generator-bdb
17 silly lifecycle generator-bdb@0.0.2~prepublish: Args: [ '-c', 'gulp prepublish' ]
18 silly lifecycle generator-bdb@0.0.2~prepublish: Returned: code: 0  signal: null
19 info lifecycle generator-bdb@0.0.2~prepare: generator-bdb@0.0.2
20 silly lifecycle generator-bdb@0.0.2~prepare: no script for prepare, continuing
21 verbose tar pack [ '/Users/cavanbecksmith/.npm/generator-bdb/0.0.2/package.tgz',
21 verbose tar pack   '/Users/cavanbecksmith/Desktop/generator-bdb' ]
22 verbose tarball /Users/cavanbecksmith/.npm/generator-bdb/0.0.2/package.tgz
23 verbose folder /Users/cavanbecksmith/Desktop/generator-bdb
24 verbose addLocalTarball adding from inside cache /Users/cavanbecksmith/.npm/generator-bdb/0.0.2/package.tgz
25 verbose correctMkdir /Users/cavanbecksmith/.npm correctMkdir not in flight; initializing
26 silly cache afterAdd generator-bdb@0.0.2
27 verbose afterAdd /Users/cavanbecksmith/.npm/generator-bdb/0.0.2/package/package.json not in flight; writing
28 verbose correctMkdir /Users/cavanbecksmith/.npm correctMkdir not in flight; initializing
29 verbose afterAdd /Users/cavanbecksmith/.npm/generator-bdb/0.0.2/package/package.json written
30 silly publish { name: 'generator-bdb',
30 silly publish   version: '0.0.2',
30 silly publish   description: '>',
30 silly publish   homepage: 'https://github.com/cavanbecksmith/generator-bdb#readme',
30 silly publish   author: { name: 'TheCavman', email: 'cavan.becksmith@two-uk.com' },
30 silly publish   files:
30 silly publish    [ 'generators',
30 silly publish      'app',
30 silly publish      'advertisment',
30 silly publish      'webpack',
30 silly publish      'gulpfile.babel.js' ],
30 silly publish   main: 'generators/index.js',
30 silly publish   keywords: [ 'yeoman-generator' ],
30 silly publish   dependencies:
30 silly publish    { 'yeoman-generator': '^0.23.0',
30 silly publish      chalk: '^1.0.0',
30 silly publish      yosay: '^1.0.0' },
30 silly publish   devDependencies:
30 silly publish    { 'yeoman-test': '^1.0.0',
30 silly publish      'yeoman-assert': '^2.0.0',
30 silly publish      eslint: '^3.1.1',
30 silly publish      'eslint-config-xo-space': '^0.15.0',
30 silly publish      gulp: '^3.9.0',
30 silly publish      'gulp-eslint': '^3.0.1',
30 silly publish      'gulp-exclude-gitignore': '^1.0.0',
30 silly publish      'gulp-line-ending-corrector': '^1.0.1',
30 silly publish      'gulp-istanbul': '^1.0.0',
30 silly publish      'gulp-mocha': '^3.0.1',
30 silly publish      'gulp-plumber': '^1.0.0',
30 silly publish      'gulp-nsp': '^2.1.0',
30 silly publish      'gulp-coveralls': '^0.1.0' },
30 silly publish   eslintConfig: { extends: 'xo-space', env: { mocha: true } },
30 silly publish   repository:
30 silly publish    { type: 'git',
30 silly publish      url: 'git+https://github.com/cavanbecksmith/generator-bdb.git' },
30 silly publish   scripts: { prepublish: 'gulp prepublish', test: 'gulp' },
30 silly publish   license: 'Apache-2.0',
30 silly publish   readme: '# generator-bdb [![NPM version][npm-image]][npm-url] [![Build Status][travis-image]][travis-url] [![Dependency Status][daviddm-image]][daviddm-url] [![Coverage percentage][coveralls-image]][coveralls-url]\n> \n\n## Installation\n\nFirst, install [Yeoman](http://yeoman.io) and generator-bdb using [npm](https://www.npmjs.com/) (we assume you have pre-installed [node.js](https://nodejs.org/)).\n\n```bash\nnpm install -g yo\nnpm install -g generator-bdb\n```\n\nThen generate your new project:\n\n```bash\nyo bdb\n```\n\n## Getting To Know Yeoman\n\n * Yeoman has a heart of gold.\n * Yeoman is a person with feelings and opinions, but is very easy to work with.\n * Yeoman can be too opinionated at times but is easily convinced not to be.\n * Feel free to [learn more about Yeoman](http://yeoman.io/).\n\n## License\n\nApache-2.0 © [TheCavman]()\n\n\n[npm-image]: https://badge.fury.io/js/generator-bdb.svg\n[npm-url]: https://npmjs.org/package/generator-bdb\n[travis-image]: https://travis-ci.org/cavanbecksmith/generator-bdb.svg?branch=master\n[travis-url]: https://travis-ci.org/cavanbecksmith/generator-bdb\n[daviddm-image]: https://david-dm.org/cavanbecksmith/generator-bdb.svg?theme=shields.io\n[daviddm-url]: https://david-dm.org/cavanbecksmith/generator-bdb\n[coveralls-image]: https://coveralls.io/repos/cavanbecksmith/generator-bdb/badge.svg\n[coveralls-url]: https://coveralls.io/r/cavanbecksmith/generator-bdb\n',
30 silly publish   readmeFilename: 'README.md',
30 silly publish   gitHead: '9cbe5b817244f1a42cf0b3ce7950b98ab52c0647',
30 silly publish   bugs: { url: 'https://github.com/cavanbecksmith/generator-bdb/issues' },
30 silly publish   _id: 'generator-bdb@0.0.2',
30 silly publish   _shasum: 'b8707453c073c474dc7be53ea2c757b952b87f70',
30 silly publish   _from: '.' }
31 info lifecycle generator-bdb@0.0.2~prepublishOnly: generator-bdb@0.0.2
32 silly lifecycle generator-bdb@0.0.2~prepublishOnly: no script for prepublishOnly, continuing
33 verbose getPublishConfig undefined
34 silly mapToRegistry name generator-bdb
35 silly mapToRegistry using default registry
36 silly mapToRegistry registry https://registry.npmjs.org/
37 silly mapToRegistry data Result {
37 silly mapToRegistry   raw: 'generator-bdb',
37 silly mapToRegistry   scope: null,
37 silly mapToRegistry   escapedName: 'generator-bdb',
37 silly mapToRegistry   name: 'generator-bdb',
37 silly mapToRegistry   rawSpec: '',
37 silly mapToRegistry   spec: 'latest',
37 silly mapToRegistry   type: 'tag' }
38 silly mapToRegistry uri https://registry.npmjs.org/generator-bdb
39 verbose publish registryBase https://registry.npmjs.org/
40 silly publish uploading /Users/cavanbecksmith/.npm/generator-bdb/0.0.2/package.tgz
41 verbose request uri https://registry.npmjs.org/generator-bdb
42 verbose request sending authorization for write operation
43 info attempt registry request try #1 at 1:07:29 PM
44 verbose request using bearer token for auth
45 verbose request id 5f1ed93cfe9cb590
46 http request PUT https://registry.npmjs.org/generator-bdb
47 http 403 https://registry.npmjs.org/generator-bdb
48 verbose headers { 'content-type': 'application/json',
48 verbose headers   'cache-control': 'max-age=300',
48 verbose headers   'content-length': '95',
48 verbose headers   'accept-ranges': 'bytes',
48 verbose headers   date: 'Wed, 12 Jul 2017 12:07:30 GMT',
48 verbose headers   via: '1.1 varnish',
48 verbose headers   connection: 'keep-alive',
48 verbose headers   'x-served-by': 'cache-lcy1146-LCY',
48 verbose headers   'x-cache': 'MISS',
48 verbose headers   'x-cache-hits': '0',
48 verbose headers   'x-timer': 'S1499861250.655236,VS0,VE810',
48 verbose headers   vary: 'Accept-Encoding, Accept' }
49 verbose request invalidating /Users/cavanbecksmith/.npm/registry.npmjs.org/generator-bdb on PUT
50 error publish Failed PUT 403
51 verbose stack Error: "You cannot publish over the previously published version 0.0.2." : generator-bdb
51 verbose stack     at makeError (/usr/local/lib/node_modules/npm/node_modules/npm-registry-client/lib/request.js:304:12)
51 verbose stack     at CachingRegistryClient.<anonymous> (/usr/local/lib/node_modules/npm/node_modules/npm-registry-client/lib/request.js:292:14)
51 verbose stack     at Request._callback (/usr/local/lib/node_modules/npm/node_modules/npm-registry-client/lib/request.js:212:14)
51 verbose stack     at Request.self.callback (/usr/local/lib/node_modules/npm/node_modules/request/request.js:186:22)
51 verbose stack     at emitTwo (events.js:106:13)
51 verbose stack     at Request.emit (events.js:194:7)
51 verbose stack     at Request.<anonymous> (/usr/local/lib/node_modules/npm/node_modules/request/request.js:1081:10)
51 verbose stack     at emitOne (events.js:96:13)
51 verbose stack     at Request.emit (events.js:191:7)
51 verbose stack     at IncomingMessage.<anonymous> (/usr/local/lib/node_modules/npm/node_modules/request/request.js:1001:12)
52 verbose statusCode 403
53 verbose pkgid generator-bdb
54 verbose cwd /Users/cavanbecksmith/Desktop/generator-bdb
55 error Darwin 15.6.0
56 error argv "/usr/local/bin/node" "/usr/local/bin/npm" "publish"
57 error node v7.7.3
58 error npm  v4.1.2
59 error code E403
60 error "You cannot publish over the previously published version 0.0.2." : generator-bdb
61 error If you need help, you may report this error at:
61 error     <https://github.com/npm/npm/issues>
62 verbose exit [ 1, true ]
